#
# A fatal error has been detected by the Java Runtime Environment:
#
#  EXCEPTION_ACCESS_VIOLATION (0xc0000005) at pc=0x00007ff8874d26c4, pid=27700, tid=23960
#
# JRE version: Java(TM) SE Runtime Environment (24.0+36) (build 24+36-3646)
# Java VM: Java HotSpot(TM) 64-Bit Server VM (24+36-3646, mixed mode, sharing, tiered, compressed oops, compressed class ptrs, g1 gc, windows-amd64)
# Problematic frame:
# C  [libasyncProfiler.dll+0x926c4]
#
# No core dump will be written. Minidumps are not enabled by default on client versions of Windows
#
# JFR recording file will be written. Location: C:\Users\axell\IdeaProjects\Campeonato De ping pong\hs_err_pid27700.jfr
#
# If you would like to submit a bug report, please visit:
#   https://bugreport.java.com/bugreport/crash.jsp
# The crash happened outside the Java Virtual Machine in native code.
# See problematic frame for where to report the bug.
#

---------------  S U M M A R Y ------------

Command Line: -javaagent:C:\Program Files\JetBrains\IntelliJ IDEA 2025.1\lib\idea_rt.jar=54547 -Dfile.encoding=UTF-8 -Dsun.stdout.encoding=UTF-8 -Dsun.stderr.encoding=UTF-8 ConsolaPrincipal

Host: AMD Ryzen 5 7640HS w/ Radeon 760M Graphics     , 12 cores, 15G,  Windows 11 , 64 bit Build 26100 (10.0.26100.3912)
Time: Tue May 13 08:44:19 2025 Hora estándar de Argentina elapsed time: 61.742235 seconds (0d 0h 1m 1s)

---------------  T H R E A D  ---------------

Current thread (0x0000025bb804dbd0):  JavaThread "Attach Listener" daemon [_thread_in_native, id=23960, stack(0x0000008082e00000,0x0000008082f00000) (1024K)]

Stack: [0x0000008082e00000,0x0000008082f00000],  sp=0x0000008082efece0,  free space=1019k
Native frames: (J=compiled Java code, j=interpreted, Vv=VM code, C=native code)
C  [libasyncProfiler.dll+0x926c4]  (no source info available)
C  [libasyncProfiler.dll+0x92b9b]  (no source info available)
C  [libasyncProfiler.dll+0x917f4]  (no source info available)
C  [libasyncProfiler.dll+0x9206a]  (no source info available)
C  [libasyncProfiler.dll+0x8cc21]  (no source info available)
C  [libasyncProfiler.dll+0x7e5e1]  (no source info available)
C  [libasyncProfiler.dll+0x7d2f8]  (no source info available)
C  [libasyncProfiler.dll+0x7d1e0]  (no source info available)
C  [libasyncProfiler.dll+0x841b9]  (no source info available)
V  [jvm.dll+0x57f1b7]  (no source info available)
V  [jvm.dll+0x57ff2c]  (no source info available)
V  [jvm.dll+0x14c9b7]  (no source info available)
V  [jvm.dll+0x14df81]  (no source info available)
V  [jvm.dll+0x42f566]  (no source info available)
V  [jvm.dll+0x87d8fb]  (no source info available)
V  [jvm.dll+0x72efe5]  (no source info available)
C  [ucrtbase.dll+0x37b0]  (no source info available)
C  [KERNEL32.DLL+0x2e8d7]  (no source info available)
C  [ntdll.dll+0x9c5dc]  (no source info available)


siginfo: EXCEPTION_ACCESS_VIOLATION (0xc0000005), reading address 0xffffffffffffffff


Registers:
RAX=0x0000000000000010, RBX=0x0000000000000000, RCX=0xffffffffffffffff, RDX=0x007ff8861d2ff010
RSP=0x0000008082efece0, RBP=0x0000025bb88c1e38, RSI=0x0000008082efee50, RDI=0x0000025bb88c1e38
R8 =0x0000000000000042, R9 =0x000000071c001ee8, R10=0x00007ff886449fc0, R11=0x0000000000000002
R12=0x0000008082efee50, R13=0x0000025bb80fcff0, R14=0x0000025bb804df98, R15=0x0000025bb804df98
RIP=0x00007ff8874d26c4, EFLAGS=0x0000000000010202

XMM[0]=0x0000000000000000 0x0000000000000000
XMM[1]=0x0000000000000000 0x0000000000000000
XMM[2]=0x0000000000000000 0x0000000000000000
XMM[3]=0x0000000000000000 0x0000000000000000
XMM[4]=0x0000000000000000 0x0000000000000000
XMM[5]=0x0000000000000000 0x0000000000000000
XMM[6]=0x0000000000000000 0x0000000000000000
XMM[7]=0x0000000000000000 0x0000000000000000
XMM[8]=0x0000000000000000 0x0000000000000000
XMM[9]=0x0000000000000000 0x0000000000000000
XMM[10]=0x0000000000000000 0x0000000000000000
XMM[11]=0x0000000000000000 0x0000000000000000
XMM[12]=0x0000000000000000 0x0000000000000000
XMM[13]=0x0000000000000000 0x0000000000000000
XMM[14]=0x0000000000000000 0x0000000000000000
XMM[15]=0x0000000000000000 0x0000000000000000
  MXCSR=0x00001fa0


Register to memory mapping:

RAX=0x0000000000000010 is an unknown value
RBX=0x0 is null
RCX=0xffffffffffffffff is an unknown value
RDX=0x007ff8861d2ff010 is an unknown value
RSP=0x0000008082efece0 is pointing into the stack for thread: 0x0000025bb804dbd0
RBP=0x0000025bb88c1e38 points into unknown readable memory: 0x000000071c001ee8 | e8 1e 00 1c 07 00 00 00
RSI=0x0000008082efee50 is pointing into the stack for thread: 0x0000025bb804dbd0
RDI=0x0000025bb88c1e38 points into unknown readable memory: 0x000000071c001ee8 | e8 1e 00 1c 07 00 00 00
R8 =0x0000000000000042 is an unknown value
R9 =0x000000071c001ee8 is an oop: java.lang.Thread 
{0x000000071c001ee8} - klass: 'java/lang/Thread' - flags: 

 - ---- fields (total size 14 words):
 - 'threadLocalRandomProbe' 'I' @12  0 (0x00000000)
 - private volatile 'eetop' 'J' @16  2592386473584 (0x0000025b96465e70)
 - private final 'tid' 'J' @24  3 (0x0000000000000003)
 - 'threadLocalRandomSeed' 'J' @32  0 (0x0000000000000000)
 - injected 'jvmti_thread_state' 'J' @40  2592956097776 (0x0000025bb83a24f0)
 - 'threadLocalRandomSecondarySeed' 'I' @48  0 (0x00000000)
 - injected 'jvmti_VTMS_transition_disable_count' 'I' @52  0 (0x00000000)
 - injected 'jfr_epoch' 'S' @56  0 (0x0000)
 - volatile 'interrupted' 'Z' @58  false (0x00)
 - injected 'jvmti_is_in_VTMS_transition' 'Z' @59  false (0x00)
 - private volatile 'name' 'Ljava/lang/String;' @60  "main"{0x000000071c001f58} (0xe38003eb)
 - private volatile 'contextClassLoader' 'Ljava/lang/ClassLoader;' @64  a 'jdk/internal/loader/ClassLoaders$AppClassLoader'{0x000000071c015ec8} (0xe3802bd9)
 - private final 'holder' 'Ljava/lang/Thread$FieldHolder;' @68  a 'java/lang/Thread$FieldHolder'{0x000000071c001f98} (0xe38003f3)
 - 'threadLocals' 'Ljava/lang/ThreadLocal$ThreadLocalMap;' @72  a 'java/lang/ThreadLocal$ThreadLocalMap'{0x000000071bf33c50} (0xe37e678a)
 - 'inheritableThreadLocals' 'Ljava/lang/ThreadLocal$ThreadLocalMap;' @76  null (0x00000000)
 - private 'scopedValueBindings' 'Ljava/lang/Object;' @80  a 'java/lang/Class'{0x00000007ffe7c880} = 'java/lang/Thread' (0xfffcf910)
 - final 'interruptLock' 'Ljava/lang/Object;' @84  a 'java/lang/Object'{0x000000071c001f88} (0xe38003f1)
 - private volatile 'parkBlocker' 'Ljava/lang/Object;' @88  null (0x00000000)
 - private 'nioBlocker' 'Lsun/nio/ch/Interruptible;' @92  null (0x00000000)
 - private 'cont' 'Ljdk/internal/vm/Continuation;' @96  null (0x00000000)
 - private volatile 'uncaughtExceptionHandler' 'Ljava/lang/Thread$UncaughtExceptionHandler;' @100  null (0x00000000)
 - private 'container' 'Ljdk/internal/vm/ThreadContainer;' @104  null (0x00000000)
 - private volatile 'headStackableScopes' 'Ljdk/internal/vm/StackableScope;' @108  null (0x00000000)
R10=0x00007ff886449fc0 jvm.dll
R11=0x0000000000000002 is an unknown value
R12=0x0000008082efee50 is pointing into the stack for thread: 0x0000025bb804dbd0
R13=0x0000025bb80fcff0 points into unknown readable memory: 0x00007ff8863ba510 | 10 a5 3b 86 f8 7f 00 00
R14=0x0000025bb804df98 points into unknown readable memory: 0x00007ff8863b17b0 | b0 17 3b 86 f8 7f 00 00
R15=0x0000025bb804df98 points into unknown readable memory: 0x00007ff8863b17b0 | b0 17 3b 86 f8 7f 00 00

Top of Stack: (sp=0x0000008082efece0)
0x0000008082efece0:   0000008082efee50 0000025bb88c1e38   P.......8...[...
0x0000008082efecf0:   0000000000000000 0000025bb804e320   ........ ...[...
0x0000008082efed00:   000000000000001e 00007ff8874d2b9b   .........+M.....
0x0000008082efed10:   0000000000000000 0000025bb804df98   ............[...
0x0000008082efed20:   0000008082efee01 0000000000000000   ................
0x0000008082efed30:   0000025bb8509b20 00007ff8874d17f4    .P.[.....M.....
0x0000008082efed40:   0000000000000000 000000000000001e   ................
0x0000008082efed50:   0000000000000000 000000000000001e   ................
0x0000008082efed60:   0000000e00000002 0000025bb84b46c0   .........FK.[...
0x0000008082efed70:   0000025bb8509b20 0000025bb8509b98    .P.[.....P.[...
0x0000008082efed80:   0000025bb8509bc8 00000000000018f0   ..P.[...........
0x0000008082efed90:   0000000000000000 0000000000000000   ................
0x0000008082efeda0:   0000000000000000 00007ff885c158e4   .........X......
0x0000008082efedb0:   00007ff887614ca0 0000000000006c34   .La.....4l......
0x0000008082efedc0:   00007ff887614ca0 00000000ffffffff   .La.............
0x0000008082efedd0:   0000000000000000 00007ff8874d206a   ........j M.....
0x0000008082efede0:   0000025bb804df98 0000000000000000   ....[...........
0x0000008082efedf0:   0000008082efee59 0000025bb80fcff0   Y...........[...
0x0000008082efee00:   0000000000000004 0000000000000048   ........H.......
0x0000008082efee10:   0000000800800310 0000000000000020   ........ .......
0x0000008082efee20:   0000025bb804df98 00007ff887614ca0   ....[....La.....
0x0000008082efee30:   0000025bb7ef7150 0000025bb83a24f0   Pq..[....$:.[...
0x0000008082efee40:   0000000800800390 0000025bb804df98   ............[...
0x0000008082efee50:   0000025bb83d1820 0000025bb83d1be0    .=.[.....=.[...
0x0000008082efee60:   0000025bb83d1be0 00007ff887614ca0   ..=.[....La.....
0x0000008082efee70:   0000025bb80f4708 0000008082efefe8   .G..[...........
0x0000008082efee80:   0000008082eff120 0000000000008840    .......@.......
0x0000008082efee90:   0000008082eff300 00007ff887614cf0   .........La.....
0x0000008082efeea0:   0000000000989680 0000000000989680   ................
0x0000008082efeeb0:   0000008082efefc0 00007ff8874ccc21   ........!.L.....
0x0000008082efeec0:   00007ff887614ca0 00007ff887614cf8   .La......La.....
0x0000008082efeed0:   00007ff800000000 00007ff800000001   ................

Instructions: (pc=0x00007ff8874d26c4)
  0x00007ff8874d25c4:   cc cc cc cc cc cc cc cc cc cc cc cc cc cc cc cc
  0x00007ff8874d25d4:   cc cc cc cc cc cc cc cc cc cc cc cc cc cc cc cc
  0x00007ff8874d25e4:   cc cc cc cc cc cc cc cc cc cc cc cc cc cc cc cc
  0x00007ff8874d25f4:   cc cc cc cc cc cc cc cc cc cc cc cc cc cc cc cc
  0x00007ff8874d2604:   cc cc cc cc cc cc cc cc cc cc cc cc cc cc cc cc
  0x00007ff8874d2614:   cc cc cc cc cc cc cc cc cc cc cc cc cc cc cc cc
  0x00007ff8874d2624:   cc cc cc cc cc cc cc cc cc cc cc cc cc cc cc cc
  0x00007ff8874d2634:   cc cc cc cc cc cc cc cc cc cc cc cc cc cc cc cc
  0x00007ff8874d2644:   cc cc cc cc cc cc cc cc cc cc cc cc 40 57 48 83
  0x00007ff8874d2654:   ec 20 48 8b f9 48 8b 0d 10 28 14 00 48 85 c9 74
  0x00007ff8874d2664:   20 48 8b 01 48 8d 54 24 38 41 b8 06 00 01 00 4c
  0x00007ff8874d2674:   8b 48 30 41 ff d1 85 c0 75 07 48 8b 4c 24 38 eb
  0x00007ff8874d2684:   02 33 c9 4c 8b 05 ea 28 14 00 48 89 5c 24 30 4d
  0x00007ff8874d2694:   85 c0 74 4a 48 8b 01 48 8b d7 4c 8b 88 28 03 00
  0x00007ff8874d26a4:   00 41 ff d1 48 85 c0 74 35 48 63 0d f8 e6 13 00
  0x00007ff8874d26b4:   48 8b 14 01 48 85 d2 74 15 48 63 05 fc e6 13 00
=>0x00007ff8874d26c4:   8b 04 10 48 8b 5c 24 30 48 83 c4 20 5f c3 b8 ff
  0x00007ff8874d26d4:   ff ff ff 48 8b 5c 24 30 48 83 c4 20 5f c3 80 3d
  0x00007ff8874d26e4:   9b 27 14 00 00 bb ff ff ff ff 74 20 4c 8b 0d 31
  0x00007ff8874d26f4:   24 14 00 4c 8d 44 24 38 48 8b 0d 15 24 14 00 48
  0x00007ff8874d2704:   8b d7 41 ff d1 85 c0 0f 44 5c 24 38 8b c3 48 8b
  0x00007ff8874d2714:   5c 24 30 48 83 c4 20 5f c3 cc cc cc cc cc cc cc
  0x00007ff8874d2724:   cc cc cc cc cc cc cc cc cc cc cc cc cc cc cc cc
  0x00007ff8874d2734:   cc cc cc cc cc cc cc cc cc cc cc cc cc cc cc cc
  0x00007ff8874d2744:   cc cc cc cc cc cc cc cc cc cc cc cc 48 89 54 24
  0x00007ff8874d2754:   10 53 55 56 57 41 56 41 57 48 83 ec 28 48 8b f2
  0x00007ff8874d2764:   4c 8b f1 48 89 4c 24 78 45 33 ff 44 89 7c 24 68
  0x00007ff8874d2774:   c7 44 24 60 01 00 00 00 48 8d 4c 24 68 e8 ed 42
  0x00007ff8874d2784:   f7 ff 8b d8 48 8d 4c 24 60 e8 e1 42 f7 ff 8b e8
  0x00007ff8874d2794:   49 8b ce e8 00 fc f6 ff 48 8b f8 90 8b c3 f0 0f
  0x00007ff8874d27a4:   b1 2f 74 04 f3 90 eb f4 4c 89 3e 4c 89 7e 08 4c
  0x00007ff8874d27b4:   89 7e 10 49 8b 6e 08 4d 8b 76 10 49 3b ee 0f 84


Stack slot to memory mapping:

stack at sp + 0 slots: 0x0000008082efee50 is pointing into the stack for thread: 0x0000025bb804dbd0
stack at sp + 1 slots: 0x0000025bb88c1e38 points into unknown readable memory: 0x000000071c001ee8 | e8 1e 00 1c 07 00 00 00
stack at sp + 2 slots: 0x0 is null
stack at sp + 3 slots: 0x0000025bb804e320 points into unknown readable memory: 0x6e616c2e6176616a | 6a 61 76 61 2e 6c 61 6e
stack at sp + 4 slots: 0x000000000000001e is an unknown value
stack at sp + 5 slots: 0x00007ff8874d2b9b libasyncProfiler.dll
stack at sp + 6 slots: 0x0 is null
stack at sp + 7 slots: 0x0000025bb804df98 points into unknown readable memory: 0x00007ff8863b17b0 | b0 17 3b 86 f8 7f 00 00

Lock stack of current Java thread (top to bottom):


---------------  P R O C E S S  ---------------

Threads class SMR info:
_java_thread_list=0x0000025bb8a628e0, length=18, elements={
0x0000025b96465e70, 0x0000025bb8049c30, 0x0000025bb804aee0, 0x0000025bb804cfb0,
0x0000025bb804dbd0, 0x0000025bb804f360, 0x0000025bb8050c20, 0x0000025bb8060e90,
0x0000025bb8065830, 0x0000025bb81155c0, 0x0000025bb82a5920, 0x0000025bb82a6060,
0x0000025bb8b91320, 0x0000025bb8b93c40, 0x0000025bb8a6c500, 0x0000025bb8a78c40,
0x0000025bb8156a00, 0x0000025bb8155b60
}

Java Threads: ( => current thread )
  0x0000025b96465e70 JavaThread "main"                              [_thread_in_native, id=4372, stack(0x0000008082300000,0x0000008082400000) (1024K)]
  0x0000025bb8049c30 JavaThread "Reference Handler"          daemon [_thread_blocked, id=24056, stack(0x0000008082b00000,0x0000008082c00000) (1024K)]
  0x0000025bb804aee0 JavaThread "Finalizer"                  daemon [_thread_blocked, id=19624, stack(0x0000008082c00000,0x0000008082d00000) (1024K)]
  0x0000025bb804cfb0 JavaThread "Signal Dispatcher"          daemon [_thread_blocked, id=724, stack(0x0000008082d00000,0x0000008082e00000) (1024K)]
=>0x0000025bb804dbd0 JavaThread "Attach Listener"            daemon [_thread_in_native, id=23960, stack(0x0000008082e00000,0x0000008082f00000) (1024K)]
  0x0000025bb804f360 JavaThread "Service Thread"             daemon [_thread_blocked, id=6388, stack(0x0000008082f00000,0x0000008083000000) (1024K)]
  0x0000025bb8050c20 JavaThread "Monitor Deflation Thread"   daemon [_thread_blocked, id=21568, stack(0x0000008083000000,0x0000008083100000) (1024K)]
  0x0000025bb8060e90 JavaThread "C2 CompilerThread0"         daemon [_thread_blocked, id=20004, stack(0x0000008083100000,0x0000008083200000) (1024K)]
  0x0000025bb8065830 JavaThread "C1 CompilerThread0"         daemon [_thread_blocked, id=24040, stack(0x0000008083200000,0x0000008083300000) (1024K)]
  0x0000025bb81155c0 JavaThread "Common-Cleaner"             daemon [_thread_blocked, id=23672, stack(0x0000008083300000,0x0000008083400000) (1024K)]
  0x0000025bb82a5920 JavaThread "Monitor Ctrl-Break"         daemon [_thread_in_native, id=22048, stack(0x0000008083400000,0x0000008083500000) (1024K)]
  0x0000025bb82a6060 JavaThread "Notification Thread"        daemon [_thread_blocked, id=21312, stack(0x0000008083500000,0x0000008083600000) (1024K)]
  0x0000025bb8b91320 JavaThread "RMI TCP Accept-0"           daemon [_thread_in_native, id=21916, stack(0x0000008083800000,0x0000008083900000) (1024K)]
  0x0000025bb8b93c40 JavaThread "RMI TCP Connection(1)-192.168.1.21" daemon [_thread_in_native, id=25340, stack(0x0000008083900000,0x0000008083a00000) (1024K)]
  0x0000025bb8a6c500 JavaThread "RMI Scheduler(0)"           daemon [_thread_blocked, id=4116, stack(0x0000008083a00000,0x0000008083b00000) (1024K)]
  0x0000025bb8a78c40 JavaThread "JMX server connection timeout 31" daemon [_thread_blocked, id=18692, stack(0x0000008083700000,0x0000008083800000) (1024K)]
  0x0000025bb8156a00 JavaThread "JFR Recorder Thread"        daemon [_thread_in_native, id=25940, stack(0x0000008082200000,0x0000008082300000) (1024K)]
  0x0000025bb8155b60 JavaThread "JFR Periodic Tasks"         daemon [_thread_blocked, id=6384, stack(0x0000008083c00000,0x0000008083d00000) (1024K)]
Total: 18

Other Threads:
  0x0000025bb803be50 VMThread "VM Thread"                           [id=23564, stack(0x0000008082a00000,0x0000008082b00000) (1024K)]
  0x0000025bb802cb70 WatcherThread "VM Periodic Task Thread"        [id=27812, stack(0x0000008082900000,0x0000008082a00000) (1024K)]
  0x0000025b9888f400 WorkerThread "GC Thread#0"                     [id=27148, stack(0x0000008082400000,0x0000008082500000) (1024K)]
  0x0000025b988bdd90 ConcurrentGCThread "G1 Main Marker"            [id=21520, stack(0x0000008082500000,0x0000008082600000) (1024K)]
  0x0000025b988bfef0 WorkerThread "G1 Conc#0"                       [id=15964, stack(0x0000008082600000,0x0000008082700000) (1024K)]
  0x0000025bb7ef51c0 ConcurrentGCThread "G1 Refine#0"               [id=10588, stack(0x0000008082700000,0x0000008082800000) (1024K)]
  0x0000025bb7ef5af0 ConcurrentGCThread "G1 Service"                [id=14344, stack(0x0000008082800000,0x0000008082900000) (1024K)]
Total: 7

Threads with active compile tasks:
Total: 0

VM state: not at safepoint (normal execution)

VM Mutex/Monitor currently owned by a thread: None

Heap address: 0x000000070ce00000, size: 3890 MB, Compressed Oops mode: Zero based, Oop shift amount: 3

CDS archive(s) mapped at: [0x0000025bb9000000-0x0000025bb9d40000-0x0000025bb9d40000), size 13893632, SharedBaseAddress: 0x0000025bb9000000, ArchiveRelocationMode: 1.
Compressed class space mapped at: 0x0000025bba000000-0x0000025bfa000000, reserved size: 1073741824
UseCompressedClassPointers 1, UseCompactObjectHeaders 0
Narrow klass pointer bits 32, Max shift 3
Narrow klass base: 0x0000025bb9000000, Narrow klass shift: 0
Encoding Range: [0x0000025bb9000000 - 0x0000025cb9000000), (4294967296 bytes)
Klass Range:    [0x0000025bb9000000 - 0x0000025bfa000000), (1090519040 bytes)
Klass ID Range:  [8 - 1090519033) (1090519025)

GC Precious Log:
 CardTable entry size: 512
 Card Set container configuration: InlinePtr #cards 4 size 8 Array Of Cards #cards 16 size 48 Howl #buckets 8 coarsen threshold 3686 Howl Bitmap #cards 512 size 80 coarsen threshold 460 Card regions per heap region 1 cards per card region 4096
 CPUs: 12 total, 12 available
 Memory: 15554M
 Large Page Support: Disabled
 NUMA Support: Disabled
 Compressed Oops: Enabled (Zero based)
 Heap Region Size: 2M
 Heap Min Capacity: 8M
 Heap Initial Capacity: 244M
 Heap Max Capacity: 3890M
 Pre-touch: Disabled
 Parallel Workers: 10
 Concurrent Workers: 3
 Concurrent Refinement Workers: 10
 Periodic GC: Disabled

Heap:
 garbage-first heap   total reserved 3983360K, committed 251904K, used 31860K [0x000000070ce00000, 0x0000000800000000)
  region size 2048K, 17 young (34816K), 0 survivors (0K)
 Metaspace       used 8156K, committed 8448K, reserved 1114112K
  class space    used 747K, committed 896K, reserved 1048576K

Heap Regions: E=young(eden), S=young(survivor), O=old, HS=humongous(starts), HC=humongous(continues), CS=collection set, F=free, TAMS=top-at-mark-start, PB=parsable bottom
|   0|0x000000070ce00000, 0x000000070ce00000, 0x000000070d000000|  0%| F|  |TAMS 0x000000070ce00000| PB 0x000000070ce00000| Untracked |  0
|   1|0x000000070d000000, 0x000000070d000000, 0x000000070d200000|  0%| F|  |TAMS 0x000000070d000000| PB 0x000000070d000000| Untracked |  0
|   2|0x000000070d200000, 0x000000070d200000, 0x000000070d400000|  0%| F|  |TAMS 0x000000070d200000| PB 0x000000070d200000| Untracked |  0
|   3|0x000000070d400000, 0x000000070d400000, 0x000000070d600000|  0%| F|  |TAMS 0x000000070d400000| PB 0x000000070d400000| Untracked |  0
|   4|0x000000070d600000, 0x000000070d600000, 0x000000070d800000|  0%| F|  |TAMS 0x000000070d600000| PB 0x000000070d600000| Untracked |  0
|   5|0x000000070d800000, 0x000000070d800000, 0x000000070da00000|  0%| F|  |TAMS 0x000000070d800000| PB 0x000000070d800000| Untracked |  0
|   6|0x000000070da00000, 0x000000070da00000, 0x000000070dc00000|  0%| F|  |TAMS 0x000000070da00000| PB 0x000000070da00000| Untracked |  0
|   7|0x000000070dc00000, 0x000000070dc00000, 0x000000070de00000|  0%| F|  |TAMS 0x000000070dc00000| PB 0x000000070dc00000| Untracked |  0
|   8|0x000000070de00000, 0x000000070de00000, 0x000000070e000000|  0%| F|  |TAMS 0x000000070de00000| PB 0x000000070de00000| Untracked |  0
|   9|0x000000070e000000, 0x000000070e000000, 0x000000070e200000|  0%| F|  |TAMS 0x000000070e000000| PB 0x000000070e000000| Untracked |  0
|  10|0x000000070e200000, 0x000000070e200000, 0x000000070e400000|  0%| F|  |TAMS 0x000000070e200000| PB 0x000000070e200000| Untracked |  0
|  11|0x000000070e400000, 0x000000070e400000, 0x000000070e600000|  0%| F|  |TAMS 0x000000070e400000| PB 0x000000070e400000| Untracked |  0
|  12|0x000000070e600000, 0x000000070e600000, 0x000000070e800000|  0%| F|  |TAMS 0x000000070e600000| PB 0x000000070e600000| Untracked |  0
|  13|0x000000070e800000, 0x000000070e800000, 0x000000070ea00000|  0%| F|  |TAMS 0x000000070e800000| PB 0x000000070e800000| Untracked |  0
|  14|0x000000070ea00000, 0x000000070ea00000, 0x000000070ec00000|  0%| F|  |TAMS 0x000000070ea00000| PB 0x000000070ea00000| Untracked |  0
|  15|0x000000070ec00000, 0x000000070ec00000, 0x000000070ee00000|  0%| F|  |TAMS 0x000000070ec00000| PB 0x000000070ec00000| Untracked |  0
|  16|0x000000070ee00000, 0x000000070ee00000, 0x000000070f000000|  0%| F|  |TAMS 0x000000070ee00000| PB 0x000000070ee00000| Untracked |  0
|  17|0x000000070f000000, 0x000000070f000000, 0x000000070f200000|  0%| F|  |TAMS 0x000000070f000000| PB 0x000000070f000000| Untracked |  0
|  18|0x000000070f200000, 0x000000070f200000, 0x000000070f400000|  0%| F|  |TAMS 0x000000070f200000| PB 0x000000070f200000| Untracked |  0
|  19|0x000000070f400000, 0x000000070f400000, 0x000000070f600000|  0%| F|  |TAMS 0x000000070f400000| PB 0x000000070f400000| Untracked |  0
|  20|0x000000070f600000, 0x000000070f600000, 0x000000070f800000|  0%| F|  |TAMS 0x000000070f600000| PB 0x000000070f600000| Untracked |  0
|  21|0x000000070f800000, 0x000000070f800000, 0x000000070fa00000|  0%| F|  |TAMS 0x000000070f800000| PB 0x000000070f800000| Untracked |  0
|  22|0x000000070fa00000, 0x000000070fa00000, 0x000000070fc00000|  0%| F|  |TAMS 0x000000070fa00000| PB 0x000000070fa00000| Untracked |  0
|  23|0x000000070fc00000, 0x000000070fc00000, 0x000000070fe00000|  0%| F|  |TAMS 0x000000070fc00000| PB 0x000000070fc00000| Untracked |  0
|  24|0x000000070fe00000, 0x000000070fe00000, 0x0000000710000000|  0%| F|  |TAMS 0x000000070fe00000| PB 0x000000070fe00000| Untracked |  0
|  25|0x0000000710000000, 0x0000000710000000, 0x0000000710200000|  0%| F|  |TAMS 0x0000000710000000| PB 0x0000000710000000| Untracked |  0
|  26|0x0000000710200000, 0x0000000710200000, 0x0000000710400000|  0%| F|  |TAMS 0x0000000710200000| PB 0x0000000710200000| Untracked |  0
|  27|0x0000000710400000, 0x0000000710400000, 0x0000000710600000|  0%| F|  |TAMS 0x0000000710400000| PB 0x0000000710400000| Untracked |  0
|  28|0x0000000710600000, 0x0000000710600000, 0x0000000710800000|  0%| F|  |TAMS 0x0000000710600000| PB 0x0000000710600000| Untracked |  0
|  29|0x0000000710800000, 0x0000000710800000, 0x0000000710a00000|  0%| F|  |TAMS 0x0000000710800000| PB 0x0000000710800000| Untracked |  0
|  30|0x0000000710a00000, 0x0000000710a00000, 0x0000000710c00000|  0%| F|  |TAMS 0x0000000710a00000| PB 0x0000000710a00000| Untracked |  0
|  31|0x0000000710c00000, 0x0000000710c00000, 0x0000000710e00000|  0%| F|  |TAMS 0x0000000710c00000| PB 0x0000000710c00000| Untracked |  0
|  32|0x0000000710e00000, 0x0000000710e00000, 0x0000000711000000|  0%| F|  |TAMS 0x0000000710e00000| PB 0x0000000710e00000| Untracked |  0
|  33|0x0000000711000000, 0x0000000711000000, 0x0000000711200000|  0%| F|  |TAMS 0x0000000711000000| PB 0x0000000711000000| Untracked |  0
|  34|0x0000000711200000, 0x0000000711200000, 0x0000000711400000|  0%| F|  |TAMS 0x0000000711200000| PB 0x0000000711200000| Untracked |  0
|  35|0x0000000711400000, 0x0000000711400000, 0x0000000711600000|  0%| F|  |TAMS 0x0000000711400000| PB 0x0000000711400000| Untracked |  0
|  36|0x0000000711600000, 0x0000000711600000, 0x0000000711800000|  0%| F|  |TAMS 0x0000000711600000| PB 0x0000000711600000| Untracked |  0
|  37|0x0000000711800000, 0x0000000711800000, 0x0000000711a00000|  0%| F|  |TAMS 0x0000000711800000| PB 0x0000000711800000| Untracked |  0
|  38|0x0000000711a00000, 0x0000000711a00000, 0x0000000711c00000|  0%| F|  |TAMS 0x0000000711a00000| PB 0x0000000711a00000| Untracked |  0
|  39|0x0000000711c00000, 0x0000000711c00000, 0x0000000711e00000|  0%| F|  |TAMS 0x0000000711c00000| PB 0x0000000711c00000| Untracked |  0
|  40|0x0000000711e00000, 0x0000000711e00000, 0x0000000712000000|  0%| F|  |TAMS 0x0000000711e00000| PB 0x0000000711e00000| Untracked |  0
|  41|0x0000000712000000, 0x0000000712000000, 0x0000000712200000|  0%| F|  |TAMS 0x0000000712000000| PB 0x0000000712000000| Untracked |  0
|  42|0x0000000712200000, 0x0000000712200000, 0x0000000712400000|  0%| F|  |TAMS 0x0000000712200000| PB 0x0000000712200000| Untracked |  0
|  43|0x0000000712400000, 0x0000000712400000, 0x0000000712600000|  0%| F|  |TAMS 0x0000000712400000| PB 0x0000000712400000| Untracked |  0
|  44|0x0000000712600000, 0x0000000712600000, 0x0000000712800000|  0%| F|  |TAMS 0x0000000712600000| PB 0x0000000712600000| Untracked |  0
|  45|0x0000000712800000, 0x0000000712800000, 0x0000000712a00000|  0%| F|  |TAMS 0x0000000712800000| PB 0x0000000712800000| Untracked |  0
|  46|0x0000000712a00000, 0x0000000712a00000, 0x0000000712c00000|  0%| F|  |TAMS 0x0000000712a00000| PB 0x0000000712a00000| Untracked |  0
|  47|0x0000000712c00000, 0x0000000712c00000, 0x0000000712e00000|  0%| F|  |TAMS 0x0000000712c00000| PB 0x0000000712c00000| Untracked |  0
|  48|0x0000000712e00000, 0x0000000712e00000, 0x0000000713000000|  0%| F|  |TAMS 0x0000000712e00000| PB 0x0000000712e00000| Untracked |  0
|  49|0x0000000713000000, 0x0000000713000000, 0x0000000713200000|  0%| F|  |TAMS 0x0000000713000000| PB 0x0000000713000000| Untracked |  0
|  50|0x0000000713200000, 0x0000000713200000, 0x0000000713400000|  0%| F|  |TAMS 0x0000000713200000| PB 0x0000000713200000| Untracked |  0
|  51|0x0000000713400000, 0x0000000713400000, 0x0000000713600000|  0%| F|  |TAMS 0x0000000713400000| PB 0x0000000713400000| Untracked |  0
|  52|0x0000000713600000, 0x0000000713600000, 0x0000000713800000|  0%| F|  |TAMS 0x0000000713600000| PB 0x0000000713600000| Untracked |  0
|  53|0x0000000713800000, 0x0000000713800000, 0x0000000713a00000|  0%| F|  |TAMS 0x0000000713800000| PB 0x0000000713800000| Untracked |  0
|  54|0x0000000713a00000, 0x0000000713a00000, 0x0000000713c00000|  0%| F|  |TAMS 0x0000000713a00000| PB 0x0000000713a00000| Untracked |  0
|  55|0x0000000713c00000, 0x0000000713c00000, 0x0000000713e00000|  0%| F|  |TAMS 0x0000000713c00000| PB 0x0000000713c00000| Untracked |  0
|  56|0x0000000713e00000, 0x0000000713e00000, 0x0000000714000000|  0%| F|  |TAMS 0x0000000713e00000| PB 0x0000000713e00000| Untracked |  0
|  57|0x0000000714000000, 0x0000000714000000, 0x0000000714200000|  0%| F|  |TAMS 0x0000000714000000| PB 0x0000000714000000| Untracked |  0
|  58|0x0000000714200000, 0x0000000714200000, 0x0000000714400000|  0%| F|  |TAMS 0x0000000714200000| PB 0x0000000714200000| Untracked |  0
|  59|0x0000000714400000, 0x0000000714400000, 0x0000000714600000|  0%| F|  |TAMS 0x0000000714400000| PB 0x0000000714400000| Untracked |  0
|  60|0x0000000714600000, 0x0000000714600000, 0x0000000714800000|  0%| F|  |TAMS 0x0000000714600000| PB 0x0000000714600000| Untracked |  0
|  61|0x0000000714800000, 0x0000000714800000, 0x0000000714a00000|  0%| F|  |TAMS 0x0000000714800000| PB 0x0000000714800000| Untracked |  0
|  62|0x0000000714a00000, 0x0000000714a00000, 0x0000000714c00000|  0%| F|  |TAMS 0x0000000714a00000| PB 0x0000000714a00000| Untracked |  0
|  63|0x0000000714c00000, 0x0000000714c00000, 0x0000000714e00000|  0%| F|  |TAMS 0x0000000714c00000| PB 0x0000000714c00000| Untracked |  0
|  64|0x0000000714e00000, 0x0000000714e00000, 0x0000000715000000|  0%| F|  |TAMS 0x0000000714e00000| PB 0x0000000714e00000| Untracked |  0
|  65|0x0000000715000000, 0x0000000715000000, 0x0000000715200000|  0%| F|  |TAMS 0x0000000715000000| PB 0x0000000715000000| Untracked |  0
|  66|0x0000000715200000, 0x0000000715200000, 0x0000000715400000|  0%| F|  |TAMS 0x0000000715200000| PB 0x0000000715200000| Untracked |  0
|  67|0x0000000715400000, 0x0000000715400000, 0x0000000715600000|  0%| F|  |TAMS 0x0000000715400000| PB 0x0000000715400000| Untracked |  0
|  68|0x0000000715600000, 0x0000000715600000, 0x0000000715800000|  0%| F|  |TAMS 0x0000000715600000| PB 0x0000000715600000| Untracked |  0
|  69|0x0000000715800000, 0x0000000715800000, 0x0000000715a00000|  0%| F|  |TAMS 0x0000000715800000| PB 0x0000000715800000| Untracked |  0
|  70|0x0000000715a00000, 0x0000000715a00000, 0x0000000715c00000|  0%| F|  |TAMS 0x0000000715a00000| PB 0x0000000715a00000| Untracked |  0
|  71|0x0000000715c00000, 0x0000000715c00000, 0x0000000715e00000|  0%| F|  |TAMS 0x0000000715c00000| PB 0x0000000715c00000| Untracked |  0
|  72|0x0000000715e00000, 0x0000000715e00000, 0x0000000716000000|  0%| F|  |TAMS 0x0000000715e00000| PB 0x0000000715e00000| Untracked |  0
|  73|0x0000000716000000, 0x0000000716000000, 0x0000000716200000|  0%| F|  |TAMS 0x0000000716000000| PB 0x0000000716000000| Untracked |  0
|  74|0x0000000716200000, 0x0000000716200000, 0x0000000716400000|  0%| F|  |TAMS 0x0000000716200000| PB 0x0000000716200000| Untracked |  0
|  75|0x0000000716400000, 0x0000000716400000, 0x0000000716600000|  0%| F|  |TAMS 0x0000000716400000| PB 0x0000000716400000| Untracked |  0
|  76|0x0000000716600000, 0x0000000716600000, 0x0000000716800000|  0%| F|  |TAMS 0x0000000716600000| PB 0x0000000716600000| Untracked |  0
|  77|0x0000000716800000, 0x0000000716800000, 0x0000000716a00000|  0%| F|  |TAMS 0x0000000716800000| PB 0x0000000716800000| Untracked |  0
|  78|0x0000000716a00000, 0x0000000716a00000, 0x0000000716c00000|  0%| F|  |TAMS 0x0000000716a00000| PB 0x0000000716a00000| Untracked |  0
|  79|0x0000000716c00000, 0x0000000716c00000, 0x0000000716e00000|  0%| F|  |TAMS 0x0000000716c00000| PB 0x0000000716c00000| Untracked |  0
|  80|0x0000000716e00000, 0x0000000716e00000, 0x0000000717000000|  0%| F|  |TAMS 0x0000000716e00000| PB 0x0000000716e00000| Untracked |  0
|  81|0x0000000717000000, 0x0000000717000000, 0x0000000717200000|  0%| F|  |TAMS 0x0000000717000000| PB 0x0000000717000000| Untracked |  0
|  82|0x0000000717200000, 0x0000000717200000, 0x0000000717400000|  0%| F|  |TAMS 0x0000000717200000| PB 0x0000000717200000| Untracked |  0
|  83|0x0000000717400000, 0x0000000717400000, 0x0000000717600000|  0%| F|  |TAMS 0x0000000717400000| PB 0x0000000717400000| Untracked |  0
|  84|0x0000000717600000, 0x0000000717600000, 0x0000000717800000|  0%| F|  |TAMS 0x0000000717600000| PB 0x0000000717600000| Untracked |  0
|  85|0x0000000717800000, 0x0000000717800000, 0x0000000717a00000|  0%| F|  |TAMS 0x0000000717800000| PB 0x0000000717800000| Untracked |  0
|  86|0x0000000717a00000, 0x0000000717a00000, 0x0000000717c00000|  0%| F|  |TAMS 0x0000000717a00000| PB 0x0000000717a00000| Untracked |  0
|  87|0x0000000717c00000, 0x0000000717c00000, 0x0000000717e00000|  0%| F|  |TAMS 0x0000000717c00000| PB 0x0000000717c00000| Untracked |  0
|  88|0x0000000717e00000, 0x0000000717e00000, 0x0000000718000000|  0%| F|  |TAMS 0x0000000717e00000| PB 0x0000000717e00000| Untracked |  0
|  89|0x0000000718000000, 0x0000000718000000, 0x0000000718200000|  0%| F|  |TAMS 0x0000000718000000| PB 0x0000000718000000| Untracked |  0
|  90|0x0000000718200000, 0x0000000718200000, 0x0000000718400000|  0%| F|  |TAMS 0x0000000718200000| PB 0x0000000718200000| Untracked |  0
|  91|0x0000000718400000, 0x0000000718400000, 0x0000000718600000|  0%| F|  |TAMS 0x0000000718400000| PB 0x0000000718400000| Untracked |  0
|  92|0x0000000718600000, 0x0000000718600000, 0x0000000718800000|  0%| F|  |TAMS 0x0000000718600000| PB 0x0000000718600000| Untracked |  0
|  93|0x0000000718800000, 0x0000000718800000, 0x0000000718a00000|  0%| F|  |TAMS 0x0000000718800000| PB 0x0000000718800000| Untracked |  0
|  94|0x0000000718a00000, 0x0000000718a00000, 0x0000000718c00000|  0%| F|  |TAMS 0x0000000718a00000| PB 0x0000000718a00000| Untracked |  0
|  95|0x0000000718c00000, 0x0000000718c00000, 0x0000000718e00000|  0%| F|  |TAMS 0x0000000718c00000| PB 0x0000000718c00000| Untracked |  0
|  96|0x0000000718e00000, 0x0000000718e00000, 0x0000000719000000|  0%| F|  |TAMS 0x0000000718e00000| PB 0x0000000718e00000| Untracked |  0
|  97|0x0000000719000000, 0x0000000719000000, 0x0000000719200000|  0%| F|  |TAMS 0x0000000719000000| PB 0x0000000719000000| Untracked |  0
|  98|0x0000000719200000, 0x0000000719200000, 0x0000000719400000|  0%| F|  |TAMS 0x0000000719200000| PB 0x0000000719200000| Untracked |  0
|  99|0x0000000719400000, 0x0000000719400000, 0x0000000719600000|  0%| F|  |TAMS 0x0000000719400000| PB 0x0000000719400000| Untracked |  0
| 100|0x0000000719600000, 0x0000000719600000, 0x0000000719800000|  0%| F|  |TAMS 0x0000000719600000| PB 0x0000000719600000| Untracked |  0
| 101|0x0000000719800000, 0x0000000719800000, 0x0000000719a00000|  0%| F|  |TAMS 0x0000000719800000| PB 0x0000000719800000| Untracked |  0
| 102|0x0000000719a00000, 0x0000000719a00000, 0x0000000719c00000|  0%| F|  |TAMS 0x0000000719a00000| PB 0x0000000719a00000| Untracked |  0
| 103|0x0000000719c00000, 0x0000000719c00000, 0x0000000719e00000|  0%| F|  |TAMS 0x0000000719c00000| PB 0x0000000719c00000| Untracked |  0
| 104|0x0000000719e00000, 0x0000000719e00000, 0x000000071a000000|  0%| F|  |TAMS 0x0000000719e00000| PB 0x0000000719e00000| Untracked |  0
| 105|0x000000071a000000, 0x000000071a1eb8a0, 0x000000071a200000| 96%| E|  |TAMS 0x000000071a000000| PB 0x000000071a000000| Complete |  0
| 106|0x000000071a200000, 0x000000071a400000, 0x000000071a400000|100%| E|CS|TAMS 0x000000071a200000| PB 0x000000071a200000| Complete |  0
| 107|0x000000071a400000, 0x000000071a600000, 0x000000071a600000|100%| E|CS|TAMS 0x000000071a400000| PB 0x000000071a400000| Complete |  0
| 108|0x000000071a600000, 0x000000071a800000, 0x000000071a800000|100%| E|CS|TAMS 0x000000071a600000| PB 0x000000071a600000| Complete |  0
| 109|0x000000071a800000, 0x000000071aa00000, 0x000000071aa00000|100%| E|CS|TAMS 0x000000071a800000| PB 0x000000071a800000| Complete |  0
| 110|0x000000071aa00000, 0x000000071ac00000, 0x000000071ac00000|100%| E|CS|TAMS 0x000000071aa00000| PB 0x000000071aa00000| Complete |  0
| 111|0x000000071ac00000, 0x000000071ae00000, 0x000000071ae00000|100%| E|  |TAMS 0x000000071ac00000| PB 0x000000071ac00000| Complete |  0
| 112|0x000000071ae00000, 0x000000071b000000, 0x000000071b000000|100%| E|CS|TAMS 0x000000071ae00000| PB 0x000000071ae00000| Complete |  0
| 113|0x000000071b000000, 0x000000071b200000, 0x000000071b200000|100%| E|CS|TAMS 0x000000071b000000| PB 0x000000071b000000| Complete |  0
| 114|0x000000071b200000, 0x000000071b400000, 0x000000071b400000|100%| E|CS|TAMS 0x000000071b200000| PB 0x000000071b200000| Complete |  0
| 115|0x000000071b400000, 0x000000071b600000, 0x000000071b600000|100%| E|CS|TAMS 0x000000071b400000| PB 0x000000071b400000| Complete |  0
| 116|0x000000071b600000, 0x000000071b800000, 0x000000071b800000|100%| E|CS|TAMS 0x000000071b600000| PB 0x000000071b600000| Complete |  0
| 117|0x000000071b800000, 0x000000071ba00000, 0x000000071ba00000|100%| E|CS|TAMS 0x000000071b800000| PB 0x000000071b800000| Complete |  0
| 118|0x000000071ba00000, 0x000000071bc00000, 0x000000071bc00000|100%| E|CS|TAMS 0x000000071ba00000| PB 0x000000071ba00000| Complete |  0
| 119|0x000000071bc00000, 0x000000071be00000, 0x000000071be00000|100%| E|CS|TAMS 0x000000071bc00000| PB 0x000000071bc00000| Complete |  0
| 120|0x000000071be00000, 0x000000071c000000, 0x000000071c000000|100%| E|CS|TAMS 0x000000071be00000| PB 0x000000071be00000| Complete |  0
| 121|0x000000071c000000, 0x000000071c200000, 0x000000071c200000|100%| E|CS|TAMS 0x000000071c000000| PB 0x000000071c000000| Complete |  0
|1944|0x00000007ffe00000, 0x00000007fff1d3c0, 0x0000000800000000| 55%| O|  |TAMS 0x00000007ffe00000| PB 0x00000007ffe00000| Untracked |  0

Card table byte_map: [0x0000025bb0ef0000,0x0000025bb1690000] _byte_map_base: 0x0000025bad689000

Marking Bits: (CMBitMap*) 0x0000025b9888fb10
 Bits: [0x0000025bb1690000, 0x0000025bb5358000)

Polling page: 0x0000025b96630000

Metaspace:

Usage:
  Non-class:      7.23 MB used.
      Class:    747.82 KB used.
       Both:      7.97 MB used.

Virtual space:
  Non-class space:       64.00 MB reserved,       7.38 MB ( 12%) committed,  1 nodes.
      Class space:        1.00 GB reserved,     896.00 KB ( <1%) committed,  1 nodes.
             Both:        1.06 GB reserved,       8.25 MB ( <1%) committed. 

Chunk freelists:
   Non-Class:  8.46 MB
       Class:  15.19 MB
        Both:  23.65 MB

MaxMetaspaceSize: unlimited
CompressedClassSpaceSize: 1.00 GB
Initial GC threshold: 21.00 MB
Current GC threshold: 21.00 MB
CDS: on
 - commit_granule_bytes: 65536.
 - commit_granule_words: 8192.
 - virtual_space_node_default_size: 8388608.
 - enlarge_chunks_in_place: 1.
UseCompressedClassPointers 1, UseCompactObjectHeaders 0
Narrow klass pointer bits 32, Max shift 3
Narrow klass base: 0x0000025bb9000000, Narrow klass shift: 0
Encoding Range: [0x0000025bb9000000 - 0x0000025cb9000000), (4294967296 bytes)
Klass Range:    [0x0000025bb9000000 - 0x0000025bfa000000), (1090519040 bytes)
Klass ID Range:  [8 - 1090519033) (1090519025)


Internal statistics:

num_allocs_failed_limit: 0.
num_arena_births: 196.
num_arena_deaths: 0.
num_vsnodes_births: 2.
num_vsnodes_deaths: 0.
num_space_committed: 132.
num_space_uncommitted: 0.
num_chunks_returned_to_freelist: 0.
num_chunks_taken_from_freelist: 278.
num_chunk_merges: 0.
num_chunk_splits: 158.
num_chunks_enlarged: 48.
num_inconsistent_stats: 0.

CodeHeap 'non-profiled nmethods': size=120064Kb used=658Kb max_used=658Kb free=119405Kb
 bounds [0x0000025ba8b90000, 0x0000025ba8e00000, 0x0000025bb00d0000]
CodeHeap 'profiled nmethods': size=120000Kb used=3068Kb max_used=3068Kb free=116931Kb
 bounds [0x0000025ba10d0000, 0x0000025ba13d0000, 0x0000025ba8600000]
CodeHeap 'non-nmethods': size=5696Kb used=1459Kb max_used=1519Kb free=4236Kb
 bounds [0x0000025ba8600000, 0x0000025ba8870000, 0x0000025ba8b90000]
CodeCache: size=245760Kb, used=5185Kb, max_used=5245Kb, free=240572Kb
 total_blobs=2603, nmethods=2097, adapters=411, full_count=0
Compilation: enabled, stopped_count=0, restarted_count=0

Compilation events (20 events):
Event: 61.600 Thread 0x0000025bb8065830 nmethod 2085 0x0000025ba8c2f708 code [0x0000025ba8c2f800, 0x0000025ba8c2f8c8]
Event: 61.600 Thread 0x0000025bb8065830 2086       1       jdk.jfr.internal.PlatformEventType::isEnabled (5 bytes)
Event: 61.600 Thread 0x0000025bb8065830 nmethod 2086 0x0000025ba8c2fa08 code [0x0000025ba8c2fb00, 0x0000025ba8c2fbc8]
Event: 61.600 Thread 0x0000025bb8065830 2087       3       java.util.HashSet::size (8 bytes)
Event: 61.601 Thread 0x0000025bb8065830 nmethod 2087 0x0000025ba13c9e08 code [0x0000025ba13c9f20, 0x0000025ba13ca0d0]
Event: 61.601 Thread 0x0000025bb8065830 2088   !   3       jdk.jfr.internal.Control::setValue (102 bytes)
Event: 61.602 Thread 0x0000025bb8065830 nmethod 2088 0x0000025ba13ca108 code [0x0000025ba13ca3a0, 0x0000025ba13cb7f8]
Event: 61.602 Thread 0x0000025bb8060e90 nmethod 2047 0x0000025ba8c2fd08 code [0x0000025ba8c2ff60, 0x0000025ba8c30bb0]
Event: 61.603 Thread 0x0000025bb8060e90 2059       4       jdk.jfr.internal.MetadataWriter::writeInt (148 bytes)
Event: 61.603 Thread 0x0000025bb8066ee0 nmethod 2065 0x0000025ba8c30c88 code [0x0000025ba8c30dc0, 0x0000025ba8c31350]
Event: 61.606 Thread 0x0000025bb8065830 2089       1       jdk.jfr.internal.periodic.EventTask::getEventType (5 bytes)
Event: 61.606 Thread 0x0000025bb8065830 nmethod 2089 0x0000025ba8c31388 code [0x0000025ba8c31480, 0x0000025ba8c31548]
Event: 61.606 Thread 0x0000025bb8064910 nmethod 2060 0x0000025ba8c31688 code [0x0000025ba8c31960, 0x0000025ba8c338b8]
Event: 61.606 Thread 0x0000025bb8065830 2090       1       jdk.jfr.internal.periodic.PeriodicTask::getPeriod (5 bytes)
Event: 61.606 Thread 0x0000025bb8065830 nmethod 2090 0x0000025ba8c33988 code [0x0000025ba8c33a80, 0x0000025ba8c33b48]
Event: 61.606 Thread 0x0000025bb8065830 2091       3       java.util.Comparator$$Lambda/0x0000025bba0a5c90::compare (10 bytes)
Event: 61.607 Thread 0x0000025bb8065830 nmethod 2091 0x0000025ba13cb888 code [0x0000025ba13cb9e0, 0x0000025ba13cbe58]
Event: 61.607 Thread 0x0000025bb8065830 2092       3       java.util.Comparator::lambda$comparingLong$6043328a$1 (18 bytes)
Event: 61.607 Thread 0x0000025bb8065830 nmethod 2092 0x0000025ba13cbe88 code [0x0000025ba13cbfe0, 0x0000025ba13cc3c0]
Event: 61.608 Thread 0x0000025bb8060e90 nmethod 2059 0x0000025ba8c33c88 code [0x0000025ba8c33e60, 0x0000025ba8c348a8]

GC Heap History (0 events):
No events

Dll operation events (12 events):
Event: 0.015 Loaded shared library C:\Program Files\Java\jdk-24\bin\java.dll
Event: 0.042 Loaded shared library C:\Program Files\Java\jdk-24\bin\jsvml.dll
Event: 0.088 Loaded shared library C:\Program Files\Java\jdk-24\bin\zip.dll
Event: 0.093 Loaded shared library C:\Program Files\Java\jdk-24\bin\instrument.dll
Event: 0.098 Loaded shared library C:\Program Files\Java\jdk-24\bin\net.dll
Event: 0.100 Loaded shared library C:\Program Files\Java\jdk-24\bin\nio.dll
Event: 0.105 Loaded shared library C:\Program Files\Java\jdk-24\bin\zip.dll
Event: 0.128 Loaded shared library C:\Program Files\Java\jdk-24\bin\extnet.dll
Event: 0.128 Loaded shared library C:\Program Files\Java\jdk-24\bin\jimage.dll
Event: 0.271 Loaded shared library C:\Program Files\Java\jdk-24\bin\management.dll
Event: 0.286 Loaded shared library C:\Program Files\Java\jdk-24\bin\management_ext.dll
Event: 61.381 Loaded shared library C:\Users\axell\AppData\Local\Temp\idea_libasyncProfiler_dll_temp_folder\libasyncProfiler.dll

Deoptimization events (20 events):
Event: 61.524 Thread 0x0000025bb804dbd0 Uncommon trap: trap_request=0xffffffde fr.pc=0x0000025ba8c15010 relative=0x0000000000000070
Event: 61.524 Thread 0x0000025bb804dbd0 Uncommon trap: reason=class_check action=maybe_recompile pc=0x0000025ba8c15010 method=jdk.jfr.FlightRecorderPermission$InternalAccess.getType(Ljava/lang/Object;)Ljdk/jfr/internal/Type; @ 18 c2
Event: 61.524 Thread 0x0000025bb804dbd0 DEOPT PACKING pc=0x0000025ba8c15010 sp=0x0000008082efe240
Event: 61.524 Thread 0x0000025bb804dbd0 DEOPT UNPACKING pc=0x0000025ba8725f02 sp=0x0000008082efe1d8 mode 2
Event: 61.525 Thread 0x0000025bb804dbd0 Uncommon trap: trap_request=0xffffffde fr.pc=0x0000025ba8c15010 relative=0x0000000000000070
Event: 61.525 Thread 0x0000025bb804dbd0 Uncommon trap: reason=class_check action=maybe_recompile pc=0x0000025ba8c15010 method=jdk.jfr.FlightRecorderPermission$InternalAccess.getType(Ljava/lang/Object;)Ljdk/jfr/internal/Type; @ 18 c2
Event: 61.525 Thread 0x0000025bb804dbd0 DEOPT PACKING pc=0x0000025ba8c15010 sp=0x0000008082efe240
Event: 61.525 Thread 0x0000025bb804dbd0 DEOPT UNPACKING pc=0x0000025ba8725f02 sp=0x0000008082efe1d8 mode 2
Event: 61.530 Thread 0x0000025bb804dbd0 Uncommon trap: trap_request=0xffffffcc fr.pc=0x0000025ba8c134fc relative=0x00000000000003bc
Event: 61.530 Thread 0x0000025bb804dbd0 Uncommon trap: reason=intrinsic_or_type_checked_inlining action=make_not_entrant pc=0x0000025ba8c134fc method=java.util.Arrays.copyOf([Ljava/lang/Object;ILjava/lang/Class;)[Ljava/lang/Object; @ 35 c2
Event: 61.530 Thread 0x0000025bb804dbd0 DEOPT PACKING pc=0x0000025ba8c134fc sp=0x0000008082efe0c0
Event: 61.530 Thread 0x0000025bb804dbd0 DEOPT UNPACKING pc=0x0000025ba8725f02 sp=0x0000008082efe050 mode 2
Event: 61.587 Thread 0x0000025bb804dbd0 Uncommon trap: trap_request=0xffffff4d fr.pc=0x0000025ba8c2b72c relative=0x000000000000020c
Event: 61.587 Thread 0x0000025bb804dbd0 Uncommon trap: reason=unstable_if action=reinterpret pc=0x0000025ba8c2b72c method=java.io.ByteArrayOutputStream.ensureCapacity(I)V @ 11 c2
Event: 61.587 Thread 0x0000025bb804dbd0 DEOPT PACKING pc=0x0000025ba8c2b72c sp=0x0000008082efe3d0
Event: 61.587 Thread 0x0000025bb804dbd0 DEOPT UNPACKING pc=0x0000025ba8725f02 sp=0x0000008082efe308 mode 2
Event: 61.589 Thread 0x0000025bb804dbd0 Uncommon trap: trap_request=0xffffff4d fr.pc=0x0000025ba8c2bcf0 relative=0x00000000000003d0
Event: 61.589 Thread 0x0000025bb804dbd0 Uncommon trap: reason=unstable_if action=reinterpret pc=0x0000025ba8c2bcf0 method=java.io.ByteArrayOutputStream.ensureCapacity(I)V @ 11 c2
Event: 61.589 Thread 0x0000025bb804dbd0 DEOPT PACKING pc=0x0000025ba8c2bcf0 sp=0x0000008082efe330
Event: 61.589 Thread 0x0000025bb804dbd0 DEOPT UNPACKING pc=0x0000025ba8725f02 sp=0x0000008082efe210 mode 2

Classes loaded (20 events):
Event: 61.569 Loading class jdk/jfr/internal/MetadataWriter
Event: 61.570 Loading class jdk/jfr/internal/MetadataWriter done
Event: 61.570 Loading class jdk/jfr/internal/MetadataDescriptor$Element
Event: 61.570 Loading class jdk/jfr/internal/MetadataDescriptor$Element done
Event: 61.570 Loading class jdk/jfr/internal/MetadataDescriptor$Attribute
Event: 61.570 Loading class jdk/jfr/internal/MetadataDescriptor$Attribute done
Event: 61.582 Loading class jdk/jfr/internal/consumer/StringParser$Encoding
Event: 61.582 Loading class jdk/jfr/internal/consumer/StringParser$Encoding done
Event: 61.593 Loading class jdk/jfr/internal/consumer/RepositoryFiles
Event: 61.593 Loading class jdk/jfr/internal/consumer/RepositoryFiles done
Event: 61.596 Loading class jdk/jfr/internal/SettingsManager$InternalSetting
Event: 61.597 Loading class jdk/jfr/internal/SettingsManager$InternalSetting done
Event: 61.598 Loading class jdk/jfr/internal/util/Rate
Event: 61.598 Loading class jdk/jfr/internal/util/Rate done
Event: 61.598 Loading class jdk/jfr/internal/util/TimespanUnit
Event: 61.598 Loading class jdk/jfr/internal/util/TimespanUnit done
Event: 61.599 Loading class jdk/jfr/internal/util/ValueParser
Event: 61.599 Loading class jdk/jfr/internal/util/ValueParser done
Event: 61.600 Loading class jdk/jfr/internal/periodic/PeriodicType
Event: 61.601 Loading class jdk/jfr/internal/periodic/PeriodicType done

Classes unloaded (0 events):
No events

Classes redefined (0 events):
No events

Internal exceptions (20 events):
Event: 0.703 Thread 0x0000025bb8b93c40 Exception <a 'java/lang/NoSuchMethodError'{0x000000071b0af548}: 'int java.lang.invoke.DelegatingMethodHandle$Holder.reinvoke_L(java.lang.Object, java.lang.Object, java.lang.Object, java.lang.Object, java.lang.Object)'> (0x000000071b0af548) 
thrown [s\open\src\hotspot\share\interpreter\linkResolver.cpp, line 805]
Event: 0.710 Thread 0x0000025bb8b93c40 Exception <a 'java/lang/NoSuchMethodError'{0x000000071b0f2918}: 'java.lang.Object java.lang.invoke.DirectMethodHandle$Holder.invokeStatic(java.lang.Object, java.lang.Object, java.lang.Object, java.lang.Object, java.lang.Object, java.lang.Object, java.lang.Object, java.lang.Object)'> (0x000000071b0f2918) 
thrown [s\open\src\hotspot\share\interpreter\linkResolver.cpp, line 805]
Event: 0.714 Thread 0x0000025bb8b93c40 Exception <a 'java/lang/NoSuchMethodError'{0x000000071af1bdb0}: 'java.lang.Object java.lang.invoke.DirectMethodHandle$Holder.invokeStatic(java.lang.Object, java.lang.Object, java.lang.Object, java.lang.Object, java.lang.Object, java.lang.Object, java.lang.Object, java.lang.Object, java.lang.Object)'> (0x000000071af1bdb0) 
thrown [s\open\src\hotspot\share\interpreter\linkResolver.cpp, line 805]
Event: 0.716 Thread 0x0000025bb8b93c40 Exception <a 'java/lang/NoSuchMethodError'{0x000000071af2f260}: 'java.lang.Object java.lang.invoke.Invokers$Holder.invokeExact_MT(java.lang.Object, java.lang.Object, java.lang.Object, java.lang.Object, java.lang.Object, java.lang.Object)'> (0x000000071af2f260) 
thrown [s\open\src\hotspot\share\interpreter\linkResolver.cpp, line 805]
Event: 0.729 Thread 0x0000025bb8b93c40 Exception <a 'java/lang/NoSuchMethodError'{0x000000071af3b040}: 'java.lang.Object java.lang.invoke.DirectMethodHandle$Holder.invokeInterface(java.lang.Object, java.lang.Object, java.lang.Object, java.lang.Object, java.lang.Object)'> (0x000000071af3b040) 
thrown [s\open\src\hotspot\share\interpreter\linkResolver.cpp, line 805]
Event: 0.735 Thread 0x0000025bb8b93c40 Exception <a 'java/lang/NoSuchMethodError'{0x000000071af859c0}: 'double java.lang.invoke.DirectMethodHandle$Holder.invokeInterface(java.lang.Object, java.lang.Object)'> (0x000000071af859c0) 
thrown [s\open\src\hotspot\share\interpreter\linkResolver.cpp, line 805]
Event: 0.736 Thread 0x0000025bb8b93c40 Exception <a 'java/lang/NoSuchMethodError'{0x000000071af96630}: 'double java.lang.invoke.DelegatingMethodHandle$Holder.reinvoke_L(java.lang.Object, java.lang.Object)'> (0x000000071af96630) 
thrown [s\open\src\hotspot\share\interpreter\linkResolver.cpp, line 805]
Event: 1.323 Thread 0x0000025bb8b93c40 Exception <a 'java/lang/NoSuchMethodError'{0x000000071afbe2e0}: 'long java.lang.invoke.DirectMethodHandle$Holder.invokeVirtual(java.lang.Object, java.lang.Object)'> (0x000000071afbe2e0) 
thrown [s\open\src\hotspot\share\interpreter\linkResolver.cpp, line 805]
Event: 1.324 Thread 0x0000025bb8b93c40 Exception <a 'java/lang/NoSuchMethodError'{0x000000071afc65d0}: 'java.lang.Object java.lang.invoke.DirectMethodHandle$Holder.invokeStatic(java.lang.Object, long)'> (0x000000071afc65d0) 
thrown [s\open\src\hotspot\share\interpreter\linkResolver.cpp, line 805]
Event: 1.324 Thread 0x0000025bb8b93c40 Exception <a 'java/lang/NoSuchMethodError'{0x000000071afd6678}: 'long java.lang.invoke.DelegatingMethodHandle$Holder.reinvoke_L(java.lang.Object, java.lang.Object)'> (0x000000071afd6678) 
thrown [s\open\src\hotspot\share\interpreter\linkResolver.cpp, line 805]
Event: 61.428 Thread 0x0000025bb804dbd0 Exception <a 'java/lang/NoSuchMethodError'{0x000000071aa97618}: 'void java.lang.invoke.DirectMethodHandle$Holder.invokeStaticInit(java.lang.Object)'> (0x000000071aa97618) 
thrown [s\open\src\hotspot\share\interpreter\linkResolver.cpp, line 805]
Event: 61.436 Thread 0x0000025bb804dbd0 Exception <a 'java/lang/NoSuchMethodError'{0x000000071aaf5e40}: 'java.lang.Object java.lang.invoke.DirectMethodHandle$Holder.newInvokeSpecial(java.lang.Object, java.lang.Object, java.lang.Object, java.lang.Object, java.lang.Object)'> (0x000000071aaf5e40) 
thrown [s\open\src\hotspot\share\interpreter\linkResolver.cpp, line 805]
Event: 61.472 Thread 0x0000025bb804dbd0 Exception <a 'java/lang/NoSuchMethodError'{0x000000071a88b108}: 'int java.lang.invoke.DirectMethodHandle$Holder.invokeStatic(java.lang.Object, java.lang.Object, java.lang.Object, java.lang.Object)'> (0x000000071a88b108) 
thrown [s\open\src\hotspot\share\interpreter\linkResolver.cpp, line 805]
Event: 61.553 Thread 0x0000025bb804dbd0 Exception <a 'java/lang/NoSuchMethodError'{0x000000071a488790}: 'void java.lang.invoke.DirectMethodHandle$Holder.invokeSpecial(java.lang.Object, java.lang.Object, int)'> (0x000000071a488790) 
thrown [s\open\src\hotspot\share\interpreter\linkResolver.cpp, line 805]
Event: 61.554 Thread 0x0000025bb804dbd0 Exception <a 'java/lang/NoSuchMethodError'{0x000000071a4903b0}: 'void java.lang.invoke.Invokers$Holder.invokeExact_MT(java.lang.Object, int, java.lang.Object)'> (0x000000071a4903b0) 
thrown [s\open\src\hotspot\share\interpreter\linkResolver.cpp, line 805]
Event: 61.556 Thread 0x0000025bb804dbd0 Exception <a 'java/lang/NoSuchMethodError'{0x000000071a4aac10}: 'void java.lang.invoke.DirectMethodHandle$Holder.invokeStatic(java.lang.Object, java.lang.Object, int)'> (0x000000071a4aac10) 
thrown [s\open\src\hotspot\share\interpreter\linkResolver.cpp, line 805]
Event: 61.557 Thread 0x0000025bb804dbd0 Exception <a 'java/lang/NoSuchMethodError'{0x000000071a4b9b18}: 'java.lang.Object java.lang.invoke.DirectMethodHandle$Holder.newInvokeSpecial(java.lang.Object, java.lang.Object, int)'> (0x000000071a4b9b18) 
thrown [s\open\src\hotspot\share\interpreter\linkResolver.cpp, line 805]
Event: 61.561 Thread 0x0000025bb804dbd0 Exception <a 'sun/nio/fs/WindowsException'{0x000000071a4edef8}> (0x000000071a4edef8) 
thrown [s\open\src\hotspot\share\prims\jni.cpp, line 518]
Event: 61.563 Thread 0x0000025bb804dbd0 Exception <a 'sun/nio/fs/WindowsException'{0x000000071a5f1728}> (0x000000071a5f1728) 
thrown [s\open\src\hotspot\share\prims\jni.cpp, line 518]
Event: 61.567 Thread 0x0000025bb804dbd0 Exception <a 'sun/nio/fs/WindowsException'{0x000000071a205e60}> (0x000000071a205e60) 
thrown [s\open\src\hotspot\share\prims\jni.cpp, line 518]

VM Operations (14 events):
Event: 0.509 Executing VM operation: HandshakeAllThreads (Deoptimize)
Event: 0.509 Executing VM operation: HandshakeAllThreads (Deoptimize) done
Event: 0.573 Executing VM operation: HandshakeAllThreads (Deoptimize)
Event: 0.573 Executing VM operation: HandshakeAllThreads (Deoptimize) done
Event: 0.672 Executing VM operation: HandshakeAllThreads (Deoptimize)
Event: 0.672 Executing VM operation: HandshakeAllThreads (Deoptimize) done
Event: 60.161 Executing VM operation: HandshakeAllThreads (HandshakeForDeflation)
Event: 60.161 Executing VM operation: HandshakeAllThreads (HandshakeForDeflation) done
Event: 60.161 Executing VM operation: RendezvousGCThreads
Event: 60.161 Executing VM operation: RendezvousGCThreads done
Event: 61.558 Executing VM operation: HandshakeAllThreads (Deoptimize)
Event: 61.559 Executing VM operation: HandshakeAllThreads (Deoptimize) done
Event: 61.594 Executing VM operation: JFRSafepointClear
Event: 61.594 Executing VM operation: JFRSafepointClear done

Memory protections (0 events):
No events

Nmethod flushes (0 events):
No events

Events (20 events):
Event: 0.040 Thread 0x0000025b96465e70 Thread added: 0x0000025bb804dbd0
Event: 0.040 Thread 0x0000025b96465e70 Thread added: 0x0000025bb804f360
Event: 0.040 Thread 0x0000025b96465e70 Thread added: 0x0000025bb8050c20
Event: 0.040 Thread 0x0000025b96465e70 Thread added: 0x0000025bb8060e90
Event: 0.040 Thread 0x0000025b96465e70 Thread added: 0x0000025bb8065830
Event: 0.067 Thread 0x0000025b96465e70 Thread added: 0x0000025bb81155c0
Event: 0.115 Thread 0x0000025b96465e70 Thread added: 0x0000025bb82a5920
Event: 0.115 Thread 0x0000025b96465e70 Thread added: 0x0000025bb82a6060
Event: 0.435 Thread 0x0000025bb8065830 Thread added: 0x0000025bb8066750
Event: 0.459 Thread 0x0000025bb8065830 Thread added: 0x0000025bb8064180
Event: 0.582 Thread 0x0000025bb804dbd0 Thread added: 0x0000025bb8b91320
Event: 0.637 Thread 0x0000025bb8b91320 Thread added: 0x0000025bb8b93c40
Event: 0.661 Thread 0x0000025bb8b93c40 Thread added: 0x0000025bb8a6c500
Event: 0.662 Thread 0x0000025bb8064180 Thread exited: 0x0000025bb8064180
Event: 0.670 Thread 0x0000025bb8b93c40 Thread added: 0x0000025bb8a78c40
Event: 1.312 Thread 0x0000025bb8066750 Thread exited: 0x0000025bb8066750
Event: 61.404 Thread 0x0000025bb8065830 Thread added: 0x0000025bb8064910
Event: 61.426 Thread 0x0000025bb804dbd0 Thread added: 0x0000025bb8156a00
Event: 61.484 Thread 0x0000025bb8065830 Thread added: 0x0000025bb8066ee0
Event: 61.557 Thread 0x0000025bb804dbd0 Thread added: 0x0000025bb8155b60


Dynamic libraries:
0x00007ff77b460000 - 0x00007ff77b470000 	C:\Program Files\Java\jdk-24\bin\java.exe
0x00007ff8f6720000 - 0x00007ff8f6986000 	C:\WINDOWS\SYSTEM32\ntdll.dll
0x00007ff8f57c0000 - 0x00007ff8f5889000 	C:\WINDOWS\System32\KERNEL32.DLL
0x00007ff8f4080000 - 0x00007ff8f444c000 	C:\WINDOWS\System32\KERNELBASE.dll
0x00007ff8f38b0000 - 0x00007ff8f39fb000 	C:\WINDOWS\System32\ucrtbase.dll
0x00007ff8debe0000 - 0x00007ff8debf6000 	C:\Program Files\Java\jdk-24\bin\jli.dll
0x00007ff8debc0000 - 0x00007ff8debdb000 	C:\Program Files\Java\jdk-24\bin\VCRUNTIME140.dll
0x00007ff8f4cb0000 - 0x00007ff8f4e7a000 	C:\WINDOWS\System32\USER32.dll
0x00007ff8f3bf0000 - 0x00007ff8f3c17000 	C:\WINDOWS\System32\win32u.dll
0x00007ff8dc790000 - 0x00007ff8dca2a000 	C:\WINDOWS\WinSxS\amd64_microsoft.windows.common-controls_6595b64144ccf1df_6.0.26100.3912_none_3e07963ce335137e\COMCTL32.dll
0x00007ff8f6290000 - 0x00007ff8f62bb000 	C:\WINDOWS\System32\GDI32.dll
0x00007ff8f4600000 - 0x00007ff8f46a9000 	C:\WINDOWS\System32\msvcrt.dll
0x00007ff8f3a00000 - 0x00007ff8f3b32000 	C:\WINDOWS\System32\gdi32full.dll
0x00007ff8f3b40000 - 0x00007ff8f3be3000 	C:\WINDOWS\System32\msvcp_win.dll
0x00007ff8f5890000 - 0x00007ff8f58c0000 	C:\WINDOWS\System32\IMM32.DLL
0x00007ff8debb0000 - 0x00007ff8debbc000 	C:\Program Files\Java\jdk-24\bin\vcruntime140_1.dll
0x00007ff8c8050000 - 0x00007ff8c80de000 	C:\Program Files\Java\jdk-24\bin\msvcp140.dll
0x00007ff885780000 - 0x00007ff886522000 	C:\Program Files\Java\jdk-24\bin\server\jvm.dll
0x00007ff8f4870000 - 0x00007ff8f4922000 	C:\WINDOWS\System32\ADVAPI32.dll
0x00007ff8f6630000 - 0x00007ff8f66d6000 	C:\WINDOWS\System32\sechost.dll
0x00007ff8f44e0000 - 0x00007ff8f45f6000 	C:\WINDOWS\System32\RPCRT4.dll
0x00007ff8f47e0000 - 0x00007ff8f4854000 	C:\WINDOWS\System32\WS2_32.dll
0x00007ff8f2500000 - 0x00007ff8f255e000 	C:\WINDOWS\SYSTEM32\POWRPROF.dll
0x00007ff8e5d50000 - 0x00007ff8e5d86000 	C:\WINDOWS\SYSTEM32\WINMM.dll
0x00007ff8e5d40000 - 0x00007ff8e5d4b000 	C:\WINDOWS\SYSTEM32\VERSION.dll
0x00007ff8f24e0000 - 0x00007ff8f24f4000 	C:\WINDOWS\SYSTEM32\UMPDC.dll
0x00007ff8f2790000 - 0x00007ff8f27aa000 	C:\WINDOWS\SYSTEM32\kernel.appcore.dll
0x00007ff8d1160000 - 0x00007ff8d116a000 	C:\Program Files\Java\jdk-24\bin\jimage.dll
0x00007ff8f1110000 - 0x00007ff8f1351000 	C:\WINDOWS\SYSTEM32\DBGHELP.DLL
0x00007ff8f5f00000 - 0x00007ff8f6284000 	C:\WINDOWS\System32\combase.dll
0x00007ff8f4950000 - 0x00007ff8f4a30000 	C:\WINDOWS\System32\OLEAUT32.dll
0x00007ff8d5080000 - 0x00007ff8d50b9000 	C:\WINDOWS\SYSTEM32\dbgcore.DLL
0x00007ff8f3ce0000 - 0x00007ff8f3d79000 	C:\WINDOWS\System32\bcryptPrimitives.dll
0x00007ff8d1130000 - 0x00007ff8d113f000 	C:\Program Files\Java\jdk-24\bin\instrument.dll
0x00007ff8ce7d0000 - 0x00007ff8ce7ee000 	C:\Program Files\Java\jdk-24\bin\java.dll
0x00007ff8f4e80000 - 0x00007ff8f501f000 	C:\WINDOWS\System32\ole32.dll
0x00007ff8f5090000 - 0x00007ff8f57bd000 	C:\WINDOWS\System32\SHELL32.dll
0x00007ff8f3f00000 - 0x00007ff8f4074000 	C:\WINDOWS\System32\wintypes.dll
0x00007ff8f1560000 - 0x00007ff8f1db6000 	C:\WINDOWS\SYSTEM32\windows.storage.dll
0x00007ff8f5d60000 - 0x00007ff8f5e4f000 	C:\WINDOWS\System32\SHCORE.dll
0x00007ff8f63c0000 - 0x00007ff8f6429000 	C:\WINDOWS\System32\shlwapi.dll
0x00007ff8f37c0000 - 0x00007ff8f37ef000 	C:\WINDOWS\SYSTEM32\profapi.dll
0x00007ff8b9150000 - 0x00007ff8b9227000 	C:\Program Files\Java\jdk-24\bin\jsvml.dll
0x00007ff8caf90000 - 0x00007ff8cafa7000 	C:\Program Files\Java\jdk-24\bin\zip.dll
0x00007ff8d0e60000 - 0x00007ff8d0e70000 	C:\Program Files\Java\jdk-24\bin\net.dll
0x00007ff8f2d00000 - 0x00007ff8f2d6a000 	C:\WINDOWS\system32\mswsock.dll
0x00007ff8cb960000 - 0x00007ff8cb976000 	C:\Program Files\Java\jdk-24\bin\nio.dll
0x00007ff8ce920000 - 0x00007ff8ce929000 	C:\Program Files\Java\jdk-24\bin\extnet.dll
0x00007ff8f2230000 - 0x00007ff8f2357000 	C:\WINDOWS\SYSTEM32\DNSAPI.dll
0x00007ff8f21f0000 - 0x00007ff8f2223000 	C:\WINDOWS\SYSTEM32\IPHLPAPI.DLL
0x00007ff8f4c70000 - 0x00007ff8f4c7a000 	C:\WINDOWS\System32\NSI.dll
0x00007ff8ec8d0000 - 0x00007ff8ec8db000 	C:\Windows\System32\rasadhlp.dll
0x00007ff8edf20000 - 0x00007ff8edfa6000 	C:\WINDOWS\System32\fwpuclnt.dll
0x00007ff8ce790000 - 0x00007ff8ce79a000 	C:\Program Files\Java\jdk-24\bin\management.dll
0x00007ff8cb950000 - 0x00007ff8cb95b000 	C:\Program Files\Java\jdk-24\bin\management_ext.dll
0x00007ff8f5ee0000 - 0x00007ff8f5ee8000 	C:\WINDOWS\System32\PSAPI.DLL
0x00007ff8f2fa0000 - 0x00007ff8f2fbc000 	C:\WINDOWS\SYSTEM32\CRYPTSP.dll
0x00007ff8f26f0000 - 0x00007ff8f272a000 	C:\WINDOWS\system32\rsaenh.dll
0x00007ff8f2da0000 - 0x00007ff8f2dcb000 	C:\WINDOWS\SYSTEM32\USERENV.dll
0x00007ff8f3790000 - 0x00007ff8f37b6000 	C:\WINDOWS\SYSTEM32\bcrypt.dll
0x00007ff8f2fc0000 - 0x00007ff8f2fcc000 	C:\WINDOWS\SYSTEM32\CRYPTBASE.dll
0x00007ff8bd950000 - 0x00007ff8bd968000 	C:\WINDOWS\system32\napinsp.dll
0x00007ff8bd440000 - 0x00007ff8bd452000 	C:\WINDOWS\System32\winrnr.dll
0x00007ff8bce30000 - 0x00007ff8bce60000 	C:\WINDOWS\system32\nlansp_c.dll
0x00007ff8bd140000 - 0x00007ff8bd156000 	C:\WINDOWS\system32\wshbth.dll
0x00007ff887440000 - 0x00007ff887638000 	C:\Users\axell\AppData\Local\Temp\idea_libasyncProfiler_dll_temp_folder\libasyncProfiler.dll

dbghelp: loaded successfully - version: 4.0.5 - missing functions: none
symbol engine: initialized successfully - sym options: 0x614 - pdb path: .;C:\Program Files\Java\jdk-24\bin;C:\WINDOWS\SYSTEM32;C:\WINDOWS\WinSxS\amd64_microsoft.windows.common-controls_6595b64144ccf1df_6.0.26100.3912_none_3e07963ce335137e;C:\Program Files\Java\jdk-24\bin\server;C:\Users\axell\AppData\Local\Temp\idea_libasyncProfiler_dll_temp_folder

VM Arguments:
jvm_args: -javaagent:C:\Program Files\JetBrains\IntelliJ IDEA 2025.1\lib\idea_rt.jar=54547 -Dfile.encoding=UTF-8 -Dsun.stdout.encoding=UTF-8 -Dsun.stderr.encoding=UTF-8 
java_command: ConsolaPrincipal
java_class_path (initial): C:\Users\axell\IdeaProjects\Campeonato De ping pong\out\production\Campeonato De ping pong
Launcher Type: SUN_STANDARD

[Global flags]
     intx CICompilerCount                          = 4                                         {product} {ergonomic}
     uint ConcGCThreads                            = 3                                         {product} {ergonomic}
     bool FlightRecorder                           = true                                      {product} {management}
     uint G1ConcRefinementThreads                  = 10                                        {product} {ergonomic}
   size_t G1HeapRegionSize                         = 2097152                                   {product} {ergonomic}
   size_t InitialHeapSize                          = 255852544                                 {product} {ergonomic}
   size_t MarkStackSize                            = 4194304                                   {product} {ergonomic}
   size_t MarkStackSizeMax                         = 536870912                                 {product} {ergonomic}
   size_t MaxHeapSize                              = 4078960640                                {product} {ergonomic}
   size_t MaxNewSize                               = 2447376384                                {product} {ergonomic}
   size_t MinHeapDeltaBytes                        = 2097152                                   {product} {ergonomic}
   size_t MinHeapSize                              = 8388608                                   {product} {ergonomic}
    uintx NonNMethodCodeHeapSize                   = 5832704                                {pd product} {ergonomic}
    uintx NonProfiledCodeHeapSize                  = 122945536                              {pd product} {ergonomic}
    uintx ProfiledCodeHeapSize                     = 122880000                              {pd product} {ergonomic}
    uintx ReservedCodeCacheSize                    = 251658240                              {pd product} {ergonomic}
     bool SegmentedCodeCache                       = true                                      {product} {ergonomic}
   size_t SoftMaxHeapSize                          = 4078960640                             {manageable} {ergonomic}
     bool UseCompressedOops                        = true                           {product lp64_product} {ergonomic}
     bool UseG1GC                                  = true                                      {product} {ergonomic}
     bool UseLargePagesIndividualAllocation        = false                                  {pd product} {ergonomic}

Logging:
Log output configuration:
 #0: stdout all=warning uptime,level,tags foldmultilines=false
 #1: stderr all=off uptime,level,tags foldmultilines=false

Environment Variables:
JAVA_HOME=C:\Program Files\Eclipse Adoptium\jdk-17.0.14.7-hotspot\
PATH=C:\Program Files\Common Files\Oracle\Java\javapath;C:\Program Files\Eclipse Adoptium\jdk-17.0.14.7-hotspot\bin;C:\Program Files (x86)\Common Files\Oracle\Java\java8path;C:\Program Files (x86)\Common Files\Oracle\Java\javapath;C:\Windows\system32;C:\Windows;C:\Windows\System32\Wbem;C:\Windows\System32\WindowsPowerShell\v1.0\;C:\Windows\System32\OpenSSH\;C:\Program Files (x86)\NVIDIA Corporation\PhysX\Common;C:\Program Files\dotnet\;C:\Program Files\NVIDIA Corporation\NVIDIA app\NvDLISR;C:\WINDOWS\system32;C:\WINDOWS;C:\WINDOWS\System32\Wbem;C:\WINDOWS\System32\WindowsPowerShell\v1.0\;C:\WINDOWS\System32\OpenSSH\;C:\Users\axell\AppData\Local\Microsoft\WindowsApps;C:\Users\axell\AppData\Local\Programs\Microsoft VS Code\bin;C:\Users\axell\AppData\Local\GitHubDesktop\bin
USERNAME=axell
OS=Windows_NT
PROCESSOR_IDENTIFIER=AMD64 Family 25 Model 116 Stepping 1, AuthenticAMD
TMP=C:\Users\axell\AppData\Local\Temp
TEMP=C:\Users\axell\AppData\Local\Temp




Periodic native trim disabled

---------------  S Y S T E M  ---------------

OS:
 Windows 11 , 64 bit Build 26100 (10.0.26100.3912)
OS uptime: 0 days 14:39 hours

CPU: total 12 (initial active 12) (12 cores per cpu, 2 threads per core) family 25 model 116 stepping 1 microcode 0xa704107, cx8, cmov, fxsr, ht, mmx, 3dnowpref, sse, sse2, sse3, ssse3, sse4a, sse4.1, sse4.2, popcnt, lzcnt, tsc, tscinvbit, avx, avx2, aes, erms, clmul, bmi1, bmi2, adx, avx512f, avx512dq, avx512cd, avx512bw, avx512vl, sha, fma, vzeroupper, avx512_vpopcntdq, avx512_vpclmulqdq, avx512_vaes, avx512_vnni, clflush, clflushopt, avx512_vbmi2, avx512_vbmi, rdtscp, rdpid, fsrm, gfni, avx512_bitalg, f16c, pku, cet_ss, avx512_ifma
Processor Information for processor 0
  Max Mhz: 4301, Current Mhz: 2022, Mhz Limit: 4301
Processor Information for processor 1
  Max Mhz: 4301, Current Mhz: 2022, Mhz Limit: 4301
Processor Information for processor 2
  Max Mhz: 4301, Current Mhz: 2483, Mhz Limit: 4301
Processor Information for processor 3
  Max Mhz: 4301, Current Mhz: 2483, Mhz Limit: 4301
Processor Information for processor 4
  Max Mhz: 4301, Current Mhz: 2483, Mhz Limit: 4301
Processor Information for processor 5
  Max Mhz: 4301, Current Mhz: 2483, Mhz Limit: 4301
Processor Information for processor 6
  Max Mhz: 4301, Current Mhz: 2483, Mhz Limit: 4301
Processor Information for processor 7
  Max Mhz: 4301, Current Mhz: 2022, Mhz Limit: 4301
Processor Information for processor 8
  Max Mhz: 4301, Current Mhz: 2022, Mhz Limit: 4301
Processor Information for processor 9
  Max Mhz: 4301, Current Mhz: 2022, Mhz Limit: 4301
Processor Information for processor 10
  Max Mhz: 4301, Current Mhz: 2022, Mhz Limit: 4301
Processor Information for processor 11
  Max Mhz: 4301, Current Mhz: 2022, Mhz Limit: 4301

Memory: 4k page, system-wide physical 15554M (3680M free)
TotalPageFile size 37058M (AvailPageFile size 16037M)
current process WorkingSet (physical memory assigned to process): 99M, peak: 103M
current process commit charge ("private bytes"): 386M, peak: 390M

vm_info: Java HotSpot(TM) 64-Bit Server VM (24+36-3646) for windows-amd64 JRE (24+36-3646), built on 2025-02-06T00:20:43Z with MS VC++ 17.6 (VS2022)

END.
